TN:
SF:src/game/Board.js
FN:2,(anonymous_0)
FN:8,(anonymous_1)
FN:9,(anonymous_2)
FN:14,(anonymous_3)
FN:18,(anonymous_4)
FN:22,(anonymous_5)
FN:28,(anonymous_6)
FN:33,(anonymous_7)
FN:38,(anonymous_8)
FN:44,(anonymous_9)
FN:50,(anonymous_10)
FN:57,(anonymous_11)
FN:58,(anonymous_12)
FN:59,(anonymous_13)
FN:68,(anonymous_14)
FN:80,(anonymous_15)
FNF:16
FNH:16
FNDA:92,(anonymous_0)
FNDA:93,(anonymous_1)
FNDA:930,(anonymous_2)
FNDA:71,(anonymous_3)
FNDA:9,(anonymous_4)
FNDA:10,(anonymous_5)
FNDA:109,(anonymous_6)
FNDA:522,(anonymous_7)
FNDA:11,(anonymous_8)
FNDA:6,(anonymous_9)
FNDA:8,(anonymous_10)
FNDA:4,(anonymous_11)
FNDA:40,(anonymous_12)
FNDA:400,(anonymous_13)
FNDA:5,(anonymous_14)
FNDA:1,(anonymous_15)
DA:3,92
DA:4,92
DA:5,92
DA:9,93
DA:10,930
DA:15,71
DA:19,9
DA:23,10
DA:24,9
DA:29,109
DA:30,109
DA:34,522
DA:35,522
DA:39,11
DA:40,11
DA:45,6
DA:46,6
DA:51,8
DA:52,6
DA:54,2
DA:58,4
DA:59,40
DA:60,400
DA:61,1
DA:63,399
DA:69,5
DA:70,5
DA:71,50
DA:72,500
DA:73,408
DA:77,5
DA:81,1
DA:82,1
LF:33
LH:33
BRDA:15,0,0,71
BRDA:15,0,1,66
BRDA:15,0,2,63
BRDA:15,0,3,61
BRDA:19,1,0,9
BRDA:19,1,1,7
BRDA:23,2,0,9
BRDA:23,2,1,1
BRDA:39,3,0,11
BRDA:39,3,1,0
BRDA:45,4,0,6
BRDA:45,4,1,0
BRDA:51,5,0,6
BRDA:51,5,1,2
BRDA:57,6,0,0
BRDA:60,7,0,1
BRDA:60,7,1,399
BRDA:60,8,0,400
BRDA:60,8,1,200
BRDA:72,9,0,408
BRDA:72,9,1,92
BRF:21
BRH:18
end_of_record
TN:
SF:src/game/CPUPlayer.js
FN:4,(anonymous_0)
FN:12,(anonymous_1)
FN:38,(anonymous_2)
FN:44,(anonymous_3)
FN:69,(anonymous_4)
FN:84,(anonymous_5)
FN:90,(anonymous_6)
FN:98,(anonymous_7)
FN:104,(anonymous_8)
FN:111,(anonymous_9)
FNF:10
FNH:10
FNDA:29,(anonymous_0)
FNDA:2,(anonymous_1)
FNDA:3,(anonymous_2)
FNDA:6,(anonymous_3)
FNDA:3,(anonymous_4)
FNDA:3,(anonymous_5)
FNDA:4,(anonymous_6)
FNDA:16,(anonymous_7)
FNDA:14,(anonymous_8)
FNDA:1,(anonymous_9)
DA:5,29
DA:6,29
DA:7,29
DA:8,29
DA:9,29
DA:15,2
DA:16,1
DA:18,1
DA:19,1
DA:22,2
DA:24,2
DA:25,1
DA:27,1
DA:30,2
DA:39,3
DA:40,3
DA:41,3
DA:45,6
DA:47,6
DA:49,6
DA:50,4
DA:51,4
DA:53,4
DA:54,2
DA:55,2
DA:62,2
DA:64,2
DA:65,2
DA:70,3
DA:72,3
DA:74,2
DA:75,2
DA:76,2
DA:79,1
DA:80,1
DA:85,3
DA:86,1
DA:91,4
DA:98,4
DA:99,16
DA:100,16
DA:102,16
DA:103,12
DA:104,14
DA:105,12
DA:112,1
DA:113,1
DA:114,1
DA:115,1
LF:49
LH:49
BRDA:15,0,0,1
BRDA:15,0,1,1
BRDA:15,1,0,2
BRDA:15,1,1,1
BRDA:24,2,0,1
BRDA:24,2,1,1
BRDA:34,3,0,1
BRDA:34,3,1,1
BRDA:49,4,0,4
BRDA:49,4,1,2
BRDA:49,5,0,6
BRDA:49,5,1,4
BRDA:53,6,0,2
BRDA:53,6,1,2
BRDA:72,7,0,2
BRDA:72,7,1,1
BRDA:85,8,0,1
BRDA:85,8,1,2
BRDA:85,9,0,3
BRDA:85,9,1,2
BRDA:102,10,0,12
BRDA:102,10,1,4
BRDA:102,11,0,16
BRDA:102,11,1,14
BRDA:104,12,0,12
BRDA:104,12,1,0
BRDA:104,13,0,14
BRDA:104,13,1,3
BRF:28
BRH:27
end_of_record
TN:
SF:src/game/Game.js
FN:10,(anonymous_0)
FN:21,(anonymous_1)
FN:32,(anonymous_2)
FN:50,(anonymous_3)
FN:74,(anonymous_4)
FN:75,(anonymous_5)
FN:81,(anonymous_6)
FN:82,(anonymous_7)
FN:87,(anonymous_8)
FN:118,(anonymous_9)
FN:122,(anonymous_10)
FN:123,(anonymous_11)
FN:127,(anonymous_12)
FN:144,(anonymous_13)
FN:160,(anonymous_14)
FN:171,(anonymous_15)
FNF:16
FNH:12
FNDA:13,(anonymous_0)
FNDA:0,(anonymous_1)
FNDA:0,(anonymous_2)
FNDA:11,(anonymous_3)
FNDA:2,(anonymous_4)
FNDA:4,(anonymous_5)
FNDA:1,(anonymous_6)
FNDA:2,(anonymous_7)
FNDA:0,(anonymous_8)
FNDA:4,(anonymous_9)
FNDA:4,(anonymous_10)
FNDA:6,(anonymous_11)
FNDA:4,(anonymous_12)
FNDA:3,(anonymous_13)
FNDA:1,(anonymous_14)
FNDA:0,(anonymous_15)
DA:11,13
DA:12,13
DA:13,13
DA:14,13
DA:15,13
DA:16,13
DA:17,13
DA:18,13
DA:22,0
DA:25,0
DA:26,0
DA:28,0
DA:29,0
DA:33,0
DA:34,0
DA:36,0
DA:37,0
DA:38,0
DA:39,0
DA:40,0
DA:41,0
DA:45,0
DA:46,0
DA:47,0
DA:51,11
DA:52,11
DA:53,11
DA:56,11
DA:57,5
DA:58,5
DA:60,6
DA:61,6
DA:64,11
DA:65,11
DA:66,33
DA:67,33
DA:68,33
DA:71,11
DA:75,2
DA:76,4
DA:82,1
DA:83,2
DA:89,0
DA:90,0
DA:91,0
DA:94,0
DA:97,0
DA:98,0
DA:102,0
DA:104,0
DA:105,0
DA:109,0
DA:111,0
DA:112,0
DA:115,0
DA:119,4
DA:122,4
DA:123,6
DA:126,4
DA:127,4
DA:128,3
DA:129,3
DA:131,3
DA:132,3
DA:133,1
DA:134,1
DA:137,2
DA:139,1
DA:140,1
DA:145,3
DA:146,1
DA:147,1
DA:148,1
DA:151,2
DA:152,1
DA:153,1
DA:154,1
DA:157,1
DA:161,1
DA:172,0
LF:80
LH:50
BRDA:38,0,0,0
BRDA:38,0,1,0
BRDA:51,1,0,5
BRDA:51,1,1,6
BRDA:56,2,0,5
BRDA:56,2,1,6
BRDA:66,3,0,15
BRDA:66,3,1,18
BRDA:67,4,0,15
BRDA:67,4,1,18
BRDA:76,5,0,4
BRDA:76,5,1,4
BRDA:90,6,0,0
BRDA:90,6,1,0
BRDA:97,7,0,0
BRDA:97,7,1,0
BRDA:104,8,0,0
BRDA:104,8,1,0
BRDA:111,9,0,0
BRDA:111,9,1,0
BRDA:123,10,0,6
BRDA:123,10,1,4
BRDA:123,10,2,3
BRDA:126,11,0,3
BRDA:126,11,1,1
BRDA:127,12,0,4
BRDA:127,12,1,4
BRDA:132,13,0,1
BRDA:132,13,1,2
BRDA:145,14,0,1
BRDA:145,14,1,2
BRDA:151,15,0,1
BRDA:151,15,1,1
BRF:33
BRH:23
end_of_record
TN:
SF:src/game/GameConfig.js
FN:2,(anonymous_0)
FN:12,(anonymous_1)
FN:16,(anonymous_2)
FN:45,(anonymous_3)
FNF:4
FNH:4
FNDA:29,(anonymous_0)
FNDA:1,(anonymous_1)
FNDA:9,(anonymous_2)
FNDA:2,(anonymous_3)
DA:3,29
DA:4,29
DA:5,29
DA:6,29
DA:7,29
DA:8,29
DA:9,29
DA:13,1
DA:17,9
DA:19,9
DA:20,3
DA:23,9
DA:24,3
DA:27,9
DA:28,3
DA:32,9
DA:33,9
DA:35,9
DA:36,2
DA:39,9
DA:46,2
DA:47,2
DA:48,2
DA:49,2
DA:50,2
LF:25
LH:25
BRDA:19,0,0,3
BRDA:19,0,1,6
BRDA:19,1,0,9
BRDA:19,1,1,7
BRDA:23,2,0,3
BRDA:23,2,1,6
BRDA:23,3,0,9
BRDA:23,3,1,7
BRDA:27,4,0,3
BRDA:27,4,1,6
BRDA:27,5,0,9
BRDA:27,5,1,7
BRDA:35,6,0,2
BRDA:35,6,1,7
BRF:14
BRH:14
end_of_record
TN:
SF:src/game/Player.js
FN:2,(anonymous_0)
FN:9,(anonymous_1)
FN:14,(anonymous_2)
FN:22,(anonymous_3)
FN:26,(anonymous_4)
FN:27,(anonymous_5)
FN:30,(anonymous_6)
FN:32,(anonymous_7)
FN:33,(anonymous_8)
FN:40,(anonymous_9)
FN:41,(anonymous_10)
FN:44,(anonymous_11)
FN:45,(anonymous_12)
FNF:13
FNH:13
FNDA:71,(anonymous_0)
FNDA:22,(anonymous_1)
FNDA:2,(anonymous_2)
FNDA:2,(anonymous_3)
FNDA:9,(anonymous_4)
FNDA:9,(anonymous_5)
FNDA:2,(anonymous_6)
FNDA:2,(anonymous_7)
FNDA:3,(anonymous_8)
FNDA:1,(anonymous_9)
FNDA:2,(anonymous_10)
FNDA:1,(anonymous_11)
FNDA:2,(anonymous_12)
DA:3,71
DA:4,71
DA:5,71
DA:6,71
DA:10,22
DA:11,22
DA:15,2
DA:16,2
DA:17,1
DA:18,1
DA:23,2
DA:27,9
DA:31,2
DA:32,2
DA:33,2
DA:34,3
DA:37,2
DA:41,2
DA:45,2
LF:19
LH:19
BRDA:16,0,0,1
BRDA:16,0,1,1
BRF:2
BRH:2
end_of_record
TN:
SF:src/game/Ship.js
FN:2,(anonymous_0)
FN:3,(anonymous_1)
FN:11,(anonymous_2)
FN:12,(anonymous_3)
FN:16,(anonymous_4)
FN:17,(anonymous_5)
FN:25,(anonymous_6)
FN:26,(anonymous_7)
FN:29,(anonymous_8)
FN:30,(anonymous_9)
FN:33,(anonymous_10)
FN:34,(anonymous_11)
FN:37,(anonymous_12)
FN:38,(anonymous_13)
FN:41,(anonymous_14)
FN:42,(anonymous_15)
FNF:16
FNH:10
FNDA:47,(anonymous_0)
FNDA:100,(anonymous_1)
FNDA:4,(anonymous_2)
FNDA:5,(anonymous_3)
FNDA:13,(anonymous_4)
FNDA:20,(anonymous_5)
FNDA:14,(anonymous_6)
FNDA:24,(anonymous_7)
FNDA:0,(anonymous_8)
FNDA:0,(anonymous_9)
FNDA:15,(anonymous_10)
FNDA:27,(anonymous_11)
FNDA:0,(anonymous_12)
FNDA:0,(anonymous_13)
FNDA:0,(anonymous_14)
FNDA:0,(anonymous_15)
DA:3,100
DA:8,47
DA:12,5
DA:13,4
DA:17,20
DA:18,13
DA:19,12
DA:20,12
DA:22,1
DA:26,24
DA:30,0
DA:34,27
DA:38,0
DA:42,0
LF:14
LH:11
BRDA:12,0,0,5
BRDA:12,0,1,5
BRDA:13,1,0,4
BRDA:13,1,1,0
BRDA:17,2,0,20
BRDA:17,2,1,17
BRDA:18,3,0,12
BRDA:18,3,1,1
BRDA:34,4,0,27
BRDA:34,4,1,17
BRF:10
BRH:9
end_of_record
TN:
SF:src/ui/GameRenderer.js
FN:2,(anonymous_0)
FN:14,(anonymous_1)
FN:52,(anonymous_2)
FN:66,(anonymous_3)
FN:75,(anonymous_4)
FN:85,(anonymous_5)
FN:97,(anonymous_6)
FN:101,(anonymous_7)
FN:105,(anonymous_8)
FN:109,(anonymous_9)
FN:113,(anonymous_10)
FNF:11
FNH:1
FNDA:13,(anonymous_0)
FNDA:0,(anonymous_1)
FNDA:0,(anonymous_2)
FNDA:0,(anonymous_3)
FNDA:0,(anonymous_4)
FNDA:0,(anonymous_5)
FNDA:0,(anonymous_6)
FNDA:0,(anonymous_7)
FNDA:0,(anonymous_8)
FNDA:0,(anonymous_9)
FNDA:0,(anonymous_10)
DA:3,13
DA:15,0
DA:16,0
DA:18,0
DA:21,0
DA:22,0
DA:23,0
DA:25,0
DA:28,0
DA:29,0
DA:32,0
DA:33,0
DA:34,0
DA:37,0
DA:40,0
DA:41,0
DA:42,0
DA:45,0
DA:48,0
DA:49,0
DA:53,0
DA:55,0
DA:57,0
DA:59,0
DA:62,0
DA:67,0
DA:68,0
DA:70,0
DA:71,0
DA:76,0
DA:77,0
DA:78,0
DA:80,0
DA:82,0
DA:86,0
DA:87,0
DA:88,0
DA:89,0
DA:90,0
DA:91,0
DA:92,0
DA:93,0
DA:94,0
DA:98,0
DA:102,0
DA:106,0
DA:110,0
DA:114,0
LF:48
LH:1
BRDA:53,0,0,0
BRDA:53,0,1,0
BRDA:53,0,2,0
BRDA:53,0,3,0
BRDA:53,0,4,0
BRDA:70,1,0,0
BRDA:70,1,1,0
BRDA:77,2,0,0
BRDA:77,2,1,0
BRF:9
BRH:0
end_of_record
TN:
SF:src/utils/InputValidator.js
FN:2,(anonymous_0)
FN:43,(anonymous_1)
FN:50,(anonymous_2)
FN:54,(anonymous_3)
FN:58,(anonymous_4)
FNF:5
FNH:5
FNDA:13,(anonymous_0)
FNDA:8,(anonymous_1)
FNDA:10,(anonymous_2)
FNDA:6,(anonymous_3)
FNDA:6,(anonymous_4)
DA:3,13
DA:4,3
DA:10,10
DA:12,10
DA:13,2
DA:19,8
DA:20,8
DA:22,8
DA:23,3
DA:29,5
DA:30,1
DA:36,4
DA:44,8
DA:45,3
DA:47,5
DA:51,10
DA:55,6
DA:59,6
LF:18
LH:18
BRDA:3,0,0,3
BRDA:3,0,1,10
BRDA:3,1,0,13
BRDA:3,1,1,11
BRDA:12,2,0,2
BRDA:12,2,1,8
BRDA:22,3,0,3
BRDA:22,3,1,5
BRDA:22,4,0,8
BRDA:22,4,1,6
BRDA:29,5,0,1
BRDA:29,5,1,4
BRDA:29,6,0,5
BRDA:29,6,1,5
BRDA:29,6,2,4
BRDA:29,6,3,4
BRDA:44,7,0,3
BRDA:44,7,1,5
BRDA:51,8,0,10
BRDA:51,8,1,7
BRDA:51,8,2,4
BRDA:55,9,0,6
BRDA:55,9,1,6
BRDA:55,9,2,4
BRDA:59,10,0,6
BRDA:59,10,1,6
BRDA:59,10,2,4
BRF:27
BRH:27
end_of_record
